2025-09-22 14:02:56,700 - __main__ - INFO - æ”¶åˆ°æŒ‰é”®æ§åˆ¶è¯·æ±‚: action=release, key=X
2025-09-22 14:02:56,700 - __main__ - INFO - æŒ‰é”® X çŠ¶æ€æ›´æ–°ä¸º: release
2025-09-22 14:02:59,766 - __main__ - INFO - å®¢æˆ·ç«¯å·²æ–­å¼€è¿æ¥
2025-09-22 14:02:59,776 - werkzeug - INFO - 127.0.0.1 - - [22/Sep/2025 14:02:59] "GET /socket.io/?EIO=4&transport=websocket&sid=maIdoOE9sjO-P4_UAAAA HTTP/1.1" 200 -
2025-09-22 14:03:00,399 - werkzeug - INFO - 127.0.0.1 - - [22/Sep/2025 14:03:00] "GET /socket.io/?EIO=4&transport=polling&t=Pbm1B9K HTTP/1.1" 200 -
2025-09-22 14:03:00,662 - __main__ - INFO - å®¢æˆ·ç«¯å·²è¿æ¥
2025-09-22 14:03:00,662 - __main__ - INFO - è·å–æœ€è¿‘ 50 æ¡æ—¥å¿—è®°å½•
2025-09-22 14:03:00,670 - werkzeug - INFO - 127.0.0.1 - - [22/Sep/2025 14:03:00] "POST /socket.io/?EIO=4&transport=polling&t=Pbm1BGI&sid=OSK8OWUle0iPuToLAAAC HTTP/1.1" 200 -
2025-09-22 14:03:00,901 - werkzeug - INFO - 127.0.0.1 - - [22/Sep/2025 14:03:00] "GET /socket.io/?EIO=4&transport=polling&t=Pbm1BGL&sid=OSK8OWUle0iPuToLAAAC HTTP/1.1" 200 -
2025-09-22 14:03:00,993 - werkzeug - INFO - 127.0.0.1 - - [22/Sep/2025 14:03:00] "POST /socket.io/?EIO=4&transport=polling&t=Pbm1BNp&sid=OSK8OWUle0iPuToLAAAC HTTP/1.1" 200 -
2025-09-22 14:03:00,996 - __main__ - INFO - æ”¶åˆ°æŒ‰é”®æ§åˆ¶è¯·æ±‚: action=release, key=X
2025-09-22 14:03:01,001 - __main__ - INFO - æŒ‰é”® X çŠ¶æ€æ›´æ–°ä¸º: release
2025-09-22 14:03:01,319 - werkzeug - INFO - 127.0.0.1 - - [22/Sep/2025 14:03:01] "GET /socket.io/?EIO=4&transport=polling&t=Pbm1BNq&sid=OSK8OWUle0iPuToLAAAC HTTP/1.1" 200 -
2025-09-22 14:04:23,379 - werkzeug - INFO -  * Detected change in 'e:\\mypage\\python\\.venv\\Lib\\os.py', reloading
2025-09-22 14:04:23,383 - werkzeug - INFO -  * Detected change in 'E:\\mypage\\python\\.venv\\Lib\\os.py', reloading
2025-09-22 14:04:30,188 - werkzeug - INFO -  * Restarting with watchdog (windowsapi)
2025-09-22 14:04:33,689 - __main__ - INFO - å¯åŠ¨æ§åˆ¶æœåŠ¡...
2025-09-22 14:04:33,689 - __main__ - INFO - è¯·ç¡®ä¿ä»¥ç®¡ç†å‘˜æƒé™è¿è¡Œæ­¤ç¨‹åº
2025-09-22 14:04:33,753 - werkzeug - WARNING -  * Debugger is active!
2025-09-22 14:04:33,761 - werkzeug - INFO -  * Debugger PIN: 961-224-502
2025-09-22 14:04:33,818 - werkzeug - INFO - 127.0.0.1 - - [22/Sep/2025 14:04:33] "GET /socket.io/?EIO=4&transport=polling&t=Pbm1XbX HTTP/1.1" 200 -
2025-09-22 14:04:33,837 - __main__ - INFO - å®¢æˆ·ç«¯å·²è¿æ¥
2025-09-22 14:04:33,837 - __main__ - INFO - è·å–æœ€è¿‘ 50 æ¡æ—¥å¿—è®°å½•
2025-09-22 14:04:33,843 - werkzeug - INFO - 127.0.0.1 - - [22/Sep/2025 14:04:33] "POST /socket.io/?EIO=4&transport=polling&t=Pbm1Y2d&sid=WMk5Uo4_TZuy8z35AAAA HTTP/1.1" 200 -
2025-09-22 14:04:34,157 - werkzeug - INFO - 127.0.0.1 - - [22/Sep/2025 14:04:34] "GET /socket.io/?EIO=4&transport=polling&t=Pbm1Y2g&sid=WMk5Uo4_TZuy8z35AAAA HTTP/1.1" 200 -
2025-09-22 14:04:34,494 - werkzeug - INFO - 127.0.0.1 - - [22/Sep/2025 14:04:34] "GET /socket.io/?EIO=4&transport=polling&t=Pbm1Y7x&sid=WMk5Uo4_TZuy8z35AAAA HTTP/1.1" 200 -
2025-09-22 14:06:03,982 - __main__ - INFO - æ”¶åˆ°æŒ‰é”®æ§åˆ¶è¯·æ±‚: action=release, key=Z
2025-09-22 14:06:03,982 - __main__ - INFO - æŒ‰é”® Z çŠ¶æ€æ›´æ–°ä¸º: release
2025-09-22 14:06:35,752 - __main__ - INFO - å®¢æˆ·ç«¯å·²æ–­å¼€è¿æ¥
2025-09-22 14:06:35,756 - werkzeug - INFO - 127.0.0.1 - - [22/Sep/2025 14:06:35] "GET /socket.io/?EIO=4&transport=websocket&sid=WMk5Uo4_TZuy8z35AAAA HTTP/1.1" 200 -
2025-09-22 14:06:36,601 - werkzeug - INFO - 127.0.0.1 - - [22/Sep/2025 14:06:36] "GET /socket.io/?EIO=4&transport=polling&t=Pbm1_xX HTTP/1.1" 200 -
2025-09-22 14:06:36,840 - __main__ - INFO - å®¢æˆ·ç«¯å·²è¿æ¥
2025-09-22 14:06:36,849 - __main__ - INFO - è·å–æœ€è¿‘ 50 æ¡æ—¥å¿—è®°å½•
2025-09-22 14:06:36,849 - werkzeug - INFO - 127.0.0.1 - - [22/Sep/2025 14:06:36] "POST /socket.io/?EIO=4&transport=polling&t=Pbm202C&sid=6Xu821wk9HW725F8AAAC HTTP/1.1" 200 -
2025-09-22 14:06:37,031 - werkzeug - INFO - 127.0.0.1 - - [22/Sep/2025 14:06:37] "GET /socket.io/?EIO=4&transport=polling&t=Pbm202F&sid=6Xu821wk9HW725F8AAAC HTTP/1.1" 200 -
2025-09-22 14:06:41,775 - __main__ - INFO - å®¢æˆ·ç«¯å·²æ–­å¼€è¿æ¥
2025-09-22 14:06:41,782 - werkzeug - INFO - 127.0.0.1 - - [22/Sep/2025 14:06:41] "GET /socket.io/?EIO=4&transport=websocket&sid=6Xu821wk9HW725F8AAAC HTTP/1.1" 200 -
2025-09-22 14:15:34,844 - __main__ - INFO - å¯åŠ¨æ§åˆ¶æœåŠ¡...
2025-09-22 14:15:34,844 - __main__ - INFO - è¯·ç¡®ä¿ä»¥ç®¡ç†å‘˜æƒé™è¿è¡Œæ­¤ç¨‹åº
2025-09-22 14:15:34,917 - werkzeug - INFO - [31m[1mWARNING: This is a development server. Do not use it in a production deployment. Use a production WSGI server instead.[0m
 * Running on all addresses (0.0.0.0)
 * Running on http://127.0.0.1:5001
 * Running on http://192.168.1.5:5001
2025-09-22 14:15:34,917 - werkzeug - INFO - [33mPress CTRL+C to quit[0m
2025-09-22 14:15:34,929 - werkzeug - INFO -  * Restarting with watchdog (windowsapi)
2025-09-22 14:15:38,372 - __main__ - INFO - å¯åŠ¨æ§åˆ¶æœåŠ¡...
2025-09-22 14:15:38,372 - __main__ - INFO - è¯·ç¡®ä¿ä»¥ç®¡ç†å‘˜æƒé™è¿è¡Œæ­¤ç¨‹åº
2025-09-22 14:15:38,454 - werkzeug - WARNING -  * Debugger is active!
2025-09-22 14:15:38,462 - werkzeug - INFO -  * Debugger PIN: 961-224-502
2025-09-22 14:17:30,867 - __main__ - INFO - å¯åŠ¨æ§åˆ¶æœåŠ¡...
2025-09-22 14:17:30,875 - __main__ - INFO - è¯·ç¡®ä¿ä»¥ç®¡ç†å‘˜æƒé™è¿è¡Œæ­¤ç¨‹åº
2025-09-22 14:17:30,943 - werkzeug - INFO - [31m[1mWARNING: This is a development server. Do not use it in a production deployment. Use a production WSGI server instead.[0m
 * Running on http://192.168.1.5:5001
2025-09-22 14:17:30,943 - werkzeug - INFO - [33mPress CTRL+C to quit[0m
2025-09-22 14:17:30,943 - werkzeug - INFO -  * Restarting with watchdog (windowsapi)
2025-09-22 14:17:34,347 - __main__ - INFO - å¯åŠ¨æ§åˆ¶æœåŠ¡...
2025-09-22 14:17:34,355 - __main__ - INFO - è¯·ç¡®ä¿ä»¥ç®¡ç†å‘˜æƒé™è¿è¡Œæ­¤ç¨‹åº
2025-09-22 14:17:34,436 - werkzeug - WARNING -  * Debugger is active!
2025-09-22 14:17:34,444 - werkzeug - INFO -  * Debugger PIN: 961-224-502
2025-09-22 14:17:39,386 - werkzeug - INFO - 192.168.1.6 - - [22/Sep/2025 14:17:39] "GET /socket.io/?EIO=4&transport=polling&t=Pbm4WDN HTTP/1.1" 200 -
2025-09-22 14:17:39,465 - __main__ - INFO - å®¢æˆ·ç«¯å·²è¿æ¥
2025-09-22 14:17:39,468 - __main__ - INFO - è·å–æœ€è¿‘ 50 æ¡æ—¥å¿—è®°å½•
2025-09-22 14:17:39,468 - werkzeug - INFO - 192.168.1.6 - - [22/Sep/2025 14:17:39] "POST /socket.io/?EIO=4&transport=polling&t=Pbm4WFQ&sid=inCGysT4eeCjDtgzAAAA HTTP/1.1" 200 -
2025-09-22 14:17:39,501 - werkzeug - INFO - 192.168.1.6 - - [22/Sep/2025 14:17:39] "GET /socket.io/?EIO=4&transport=polling&t=Pbm4WFh&sid=inCGysT4eeCjDtgzAAAA HTTP/1.1" 200 -
2025-09-22 14:17:39,525 - werkzeug - INFO - 192.168.1.6 - - [22/Sep/2025 14:17:39] "GET /socket.io/?EIO=4&transport=polling&t=Pbm4WGe&sid=inCGysT4eeCjDtgzAAAA HTTP/1.1" 200 -
2025-09-22 14:17:41,293 - __main__ - INFO - æ”¶åˆ°æŒ‰é”®æ§åˆ¶è¯·æ±‚: action=press, key=X
2025-09-22 14:17:41,303 - __main__ - INFO - æ¨¡æ‹ŸæŒ‰é”®æŒ‰ä¸‹: X
2025-09-22 14:17:41,305 - __main__ - INFO - æ”¶åˆ°æŒ‰é”®æ§åˆ¶è¯·æ±‚: action=release, key=X
2025-09-22 14:17:41,312 - __main__ - INFO - æŒ‰é”® X çŠ¶æ€æ›´æ–°ä¸º: release
2025-09-22 14:17:41,312 - __main__ - INFO - æŒ‰é”® X çŠ¶æ€æ›´æ–°ä¸º: press
2025-09-22 14:17:43,668 - __main__ - INFO - æ”¶åˆ°æŒ‰é”®æ§åˆ¶è¯·æ±‚: action=press, key=X
2025-09-22 14:17:43,668 - __main__ - INFO - æ¨¡æ‹ŸæŒ‰é”®æŒ‰ä¸‹: X
2025-09-22 14:17:43,668 - __main__ - INFO - æ”¶åˆ°æŒ‰é”®æ§åˆ¶è¯·æ±‚: action=release, key=X
2025-09-22 14:17:43,676 - __main__ - INFO - æŒ‰é”® X çŠ¶æ€æ›´æ–°ä¸º: release
2025-09-22 14:17:43,682 - __main__ - INFO - æŒ‰é”® X çŠ¶æ€æ›´æ–°ä¸º: press
2025-09-22 14:17:44,246 - __main__ - INFO - æ”¶åˆ°æŒ‰é”®æ§åˆ¶è¯·æ±‚: action=press, key=X
2025-09-22 14:17:44,254 - __main__ - INFO - æ¨¡æ‹ŸæŒ‰é”®æŒ‰ä¸‹: X
2025-09-22 14:17:44,263 - __main__ - INFO - æ”¶åˆ°æŒ‰é”®æ§åˆ¶è¯·æ±‚: action=release, key=X
2025-09-22 14:17:44,263 - __main__ - INFO - æŒ‰é”® X çŠ¶æ€æ›´æ–°ä¸º: press
2025-09-22 14:17:44,263 - __main__ - INFO - æŒ‰é”® X çŠ¶æ€æ›´æ–°ä¸º: release
2025-09-22 14:17:44,410 - __main__ - INFO - æ”¶åˆ°æŒ‰é”®æ§åˆ¶è¯·æ±‚: action=press, key=X
2025-09-22 14:17:44,410 - __main__ - INFO - æ¨¡æ‹ŸæŒ‰é”®æŒ‰ä¸‹: X
2025-09-22 14:17:44,410 - __main__ - INFO - æ”¶åˆ°æŒ‰é”®æ§åˆ¶è¯·æ±‚: action=release, key=X
2025-09-22 14:17:44,419 - __main__ - INFO - æŒ‰é”® X çŠ¶æ€æ›´æ–°ä¸º: release
2025-09-22 14:17:44,419 - __main__ - INFO - æŒ‰é”® X çŠ¶æ€æ›´æ–°ä¸º: press
2025-09-22 14:17:45,910 - __main__ - INFO - æ”¶åˆ°æŒ‰é”®æ§åˆ¶è¯·æ±‚: action=press, key=X
2025-09-22 14:17:45,918 - __main__ - INFO - æ¨¡æ‹ŸæŒ‰é”®æŒ‰ä¸‹: X
2025-09-22 14:17:45,922 - __main__ - INFO - æ”¶åˆ°æŒ‰é”®æ§åˆ¶è¯·æ±‚: action=release, key=X
2025-09-22 14:17:45,926 - __main__ - INFO - æŒ‰é”® X çŠ¶æ€æ›´æ–°ä¸º: release
2025-09-22 14:17:45,932 - __main__ - INFO - æŒ‰é”® X çŠ¶æ€æ›´æ–°ä¸º: press
2025-09-22 14:17:46,097 - __main__ - INFO - æ”¶åˆ°æŒ‰é”®æ§åˆ¶è¯·æ±‚: action=press, key=X
2025-09-22 14:17:46,098 - __main__ - INFO - æ¨¡æ‹ŸæŒ‰é”®æŒ‰ä¸‹: X
2025-09-22 14:17:46,105 - __main__ - INFO - æ”¶åˆ°æŒ‰é”®æ§åˆ¶è¯·æ±‚: action=release, key=X
2025-09-22 14:17:46,107 - __main__ - INFO - æŒ‰é”® X çŠ¶æ€æ›´æ–°ä¸º: release
2025-09-22 14:17:46,113 - __main__ - INFO - æŒ‰é”® X çŠ¶æ€æ›´æ–°ä¸º: press
2025-09-22 14:17:46,813 - __main__ - INFO - æ”¶åˆ°æŒ‰é”®æ§åˆ¶è¯·æ±‚: action=press, key=X
2025-09-22 14:17:46,815 - __main__ - INFO - æ¨¡æ‹ŸæŒ‰é”®æŒ‰ä¸‹: X
2025-09-22 14:17:46,822 - __main__ - INFO - æ”¶åˆ°æŒ‰é”®æ§åˆ¶è¯·æ±‚: action=release, key=X
2025-09-22 14:17:46,824 - __main__ - INFO - æŒ‰é”® X çŠ¶æ€æ›´æ–°ä¸º: release
2025-09-22 14:17:46,830 - __main__ - INFO - æŒ‰é”® X çŠ¶æ€æ›´æ–°ä¸º: press
2025-09-22 14:17:49,044 - __main__ - INFO - æ”¶åˆ°æŒ‰é”®æ§åˆ¶è¯·æ±‚: action=release, key=X
2025-09-22 14:17:49,052 - __main__ - INFO - æŒ‰é”® X çŠ¶æ€æ›´æ–°ä¸º: release
2025-09-22 14:17:49,062 - __main__ - INFO - æ”¶åˆ°æŒ‰é”®æ§åˆ¶è¯·æ±‚: action=press, key=Z
2025-09-22 14:17:49,062 - __main__ - INFO - æ¨¡æ‹ŸæŒ‰é”®æŒ‰ä¸‹: Z
2025-09-22 14:17:49,072 - __main__ - INFO - æ”¶åˆ°æŒ‰é”®æ§åˆ¶è¯·æ±‚: action=release, key=Z
2025-09-22 14:17:49,072 - __main__ - INFO - æŒ‰é”® Z çŠ¶æ€æ›´æ–°ä¸º: press
2025-09-22 14:17:49,076 - __main__ - INFO - æŒ‰é”® Z çŠ¶æ€æ›´æ–°ä¸º: release
2025-09-22 14:17:49,932 - __main__ - INFO - æ”¶åˆ°æŒ‰é”®æ§åˆ¶è¯·æ±‚: action=release, key=Z
2025-09-22 14:17:49,932 - __main__ - INFO - æŒ‰é”® Z çŠ¶æ€æ›´æ–°ä¸º: release
2025-09-22 14:17:49,938 - __main__ - INFO - æ”¶åˆ°æŒ‰é”®æ§åˆ¶è¯·æ±‚: action=press, key=X
2025-09-22 14:17:49,946 - __main__ - INFO - æ¨¡æ‹ŸæŒ‰é”®æŒ‰ä¸‹: X
2025-09-22 14:17:49,948 - __main__ - INFO - æ”¶åˆ°æŒ‰é”®æ§åˆ¶è¯·æ±‚: action=release, key=X
2025-09-22 14:17:49,948 - __main__ - INFO - æŒ‰é”® X çŠ¶æ€æ›´æ–°ä¸º: release
2025-09-22 14:17:49,961 - __main__ - INFO - æŒ‰é”® X çŠ¶æ€æ›´æ–°ä¸º: press
2025-09-22 14:17:50,379 - __main__ - INFO - æ”¶åˆ°æŒ‰é”®æ§åˆ¶è¯·æ±‚: action=press, key=X
2025-09-22 14:17:50,379 - __main__ - INFO - æ¨¡æ‹ŸæŒ‰é”®æŒ‰ä¸‹: X
2025-09-22 14:17:50,392 - __main__ - INFO - æ”¶åˆ°æŒ‰é”®æ§åˆ¶è¯·æ±‚: action=release, key=X
2025-09-22 14:17:50,392 - __main__ - INFO - æŒ‰é”® X çŠ¶æ€æ›´æ–°ä¸º: release
2025-09-22 14:17:50,395 - __main__ - INFO - æŒ‰é”® X çŠ¶æ€æ›´æ–°ä¸º: press
2025-09-22 14:17:50,814 - __main__ - INFO - æ”¶åˆ°æŒ‰é”®æ§åˆ¶è¯·æ±‚: action=press, key=X
2025-09-22 14:17:50,814 - __main__ - INFO - æ¨¡æ‹ŸæŒ‰é”®æŒ‰ä¸‹: X
2025-09-22 14:17:50,822 - __main__ - INFO - æ”¶åˆ°æŒ‰é”®æ§åˆ¶è¯·æ±‚: action=release, key=X
2025-09-22 14:17:50,822 - __main__ - INFO - æŒ‰é”® X çŠ¶æ€æ›´æ–°ä¸º: release
2025-09-22 14:17:50,830 - __main__ - INFO - æŒ‰é”® X çŠ¶æ€æ›´æ–°ä¸º: press
2025-09-22 14:17:51,084 - __main__ - INFO - æ”¶åˆ°æŒ‰é”®æ§åˆ¶è¯·æ±‚: action=press, key=X
2025-09-22 14:17:51,085 - __main__ - INFO - æ¨¡æ‹ŸæŒ‰é”®æŒ‰ä¸‹: X
2025-09-22 14:17:51,087 - __main__ - INFO - æ”¶åˆ°æŒ‰é”®æ§åˆ¶è¯·æ±‚: action=release, key=X
2025-09-22 14:17:51,097 - __main__ - INFO - æŒ‰é”® X çŠ¶æ€æ›´æ–°ä¸º: release
2025-09-22 14:17:51,097 - __main__ - INFO - æŒ‰é”® X çŠ¶æ€æ›´æ–°ä¸º: press
2025-09-22 14:17:51,750 - __main__ - INFO - æ”¶åˆ°æŒ‰é”®æ§åˆ¶è¯·æ±‚: action=press, key=X
2025-09-22 14:17:51,754 - __main__ - INFO - æ¨¡æ‹ŸæŒ‰é”®æŒ‰ä¸‹: X
2025-09-22 14:17:51,756 - __main__ - INFO - æ”¶åˆ°æŒ‰é”®æ§åˆ¶è¯·æ±‚: action=release, key=X
2025-09-22 14:17:51,760 - __main__ - INFO - æŒ‰é”® X çŠ¶æ€æ›´æ–°ä¸º: release
2025-09-22 14:17:51,764 - __main__ - INFO - æŒ‰é”® X çŠ¶æ€æ›´æ–°ä¸º: press
2025-09-22 14:17:59,077 - __main__ - INFO - æ”¶åˆ°æŒ‰é”®æ§åˆ¶è¯·æ±‚: action=release, key=X
2025-09-22 14:17:59,077 - __main__ - INFO - æŒ‰é”® X çŠ¶æ€æ›´æ–°ä¸º: release
2025-09-22 14:17:59,093 - __main__ - INFO - æ”¶åˆ°æŒ‰é”®æ§åˆ¶è¯·æ±‚: action=press, key=Z
2025-09-22 14:17:59,093 - __main__ - INFO - æ¨¡æ‹ŸæŒ‰é”®æŒ‰ä¸‹: Z
2025-09-22 14:17:59,101 - __main__ - INFO - æ”¶åˆ°æŒ‰é”®æ§åˆ¶è¯·æ±‚: action=release, key=Z
2025-09-22 14:17:59,103 - __main__ - INFO - æŒ‰é”® Z çŠ¶æ€æ›´æ–°ä¸º: release
2025-09-22 14:17:59,114 - __main__ - INFO - æŒ‰é”® Z çŠ¶æ€æ›´æ–°ä¸º: press
2025-09-22 14:17:59,753 - __main__ - INFO - æ”¶åˆ°æŒ‰é”®æ§åˆ¶è¯·æ±‚: action=release, key=Z
2025-09-22 14:17:59,766 - __main__ - INFO - æŒ‰é”® Z çŠ¶æ€æ›´æ–°ä¸º: release
2025-09-22 14:17:59,769 - __main__ - INFO - æ”¶åˆ°æŒ‰é”®æ§åˆ¶è¯·æ±‚: action=press, key=X
2025-09-22 14:17:59,773 - __main__ - INFO - æ¨¡æ‹ŸæŒ‰é”®æŒ‰ä¸‹: X
2025-09-22 14:17:59,779 - __main__ - INFO - æ”¶åˆ°æŒ‰é”®æ§åˆ¶è¯·æ±‚: action=release, key=X
2025-09-22 14:17:59,779 - __main__ - INFO - æŒ‰é”® X çŠ¶æ€æ›´æ–°ä¸º: release
2025-09-22 14:17:59,789 - __main__ - INFO - æŒ‰é”® X çŠ¶æ€æ›´æ–°ä¸º: press
2025-09-22 14:17:59,933 - __main__ - INFO - æ”¶åˆ°æŒ‰é”®æ§åˆ¶è¯·æ±‚: action=press, key=X
2025-09-22 14:17:59,941 - __main__ - INFO - æ¨¡æ‹ŸæŒ‰é”®æŒ‰ä¸‹: X
2025-09-22 14:17:59,945 - __main__ - INFO - æ”¶åˆ°æŒ‰é”®æ§åˆ¶è¯·æ±‚: action=release, key=X
2025-09-22 14:17:59,949 - __main__ - INFO - æŒ‰é”® X çŠ¶æ€æ›´æ–°ä¸º: release
2025-09-22 14:17:59,949 - __main__ - INFO - æŒ‰é”® X çŠ¶æ€æ›´æ–°ä¸º: press
2025-09-22 14:18:01,312 - __main__ - INFO - æ”¶åˆ°æŒ‰é”®æ§åˆ¶è¯·æ±‚: action=release, key=X
2025-09-22 14:18:01,322 - __main__ - INFO - æŒ‰é”® X çŠ¶æ€æ›´æ–°ä¸º: release
2025-09-22 14:18:01,324 - __main__ - INFO - æ”¶åˆ°æŒ‰é”®æ§åˆ¶è¯·æ±‚: action=press, key=Z
2025-09-22 14:18:01,330 - __main__ - INFO - æ¨¡æ‹ŸæŒ‰é”®æŒ‰ä¸‹: Z
2025-09-22 14:18:01,335 - __main__ - INFO - æ”¶åˆ°æŒ‰é”®æ§åˆ¶è¯·æ±‚: action=release, key=Z
2025-09-22 14:18:01,335 - __main__ - INFO - æŒ‰é”® Z çŠ¶æ€æ›´æ–°ä¸º: release
2025-09-22 14:18:01,343 - __main__ - INFO - æŒ‰é”® Z çŠ¶æ€æ›´æ–°ä¸º: press
2025-09-22 14:18:04,226 - __main__ - INFO - æ”¶åˆ°æŒ‰é”®æ§åˆ¶è¯·æ±‚: action=release, key=Z
2025-09-22 14:18:04,226 - __main__ - INFO - æŒ‰é”® Z çŠ¶æ€æ›´æ–°ä¸º: release
2025-09-22 14:18:04,226 - __main__ - INFO - æ”¶åˆ°æŒ‰é”®æ§åˆ¶è¯·æ±‚: action=press, key=X
2025-09-22 14:18:04,237 - __main__ - INFO - æ¨¡æ‹ŸæŒ‰é”®æŒ‰ä¸‹: X
2025-09-22 14:18:04,243 - __main__ - INFO - æ”¶åˆ°æŒ‰é”®æ§åˆ¶è¯·æ±‚: action=release, key=X
2025-09-22 14:18:04,243 - __main__ - INFO - æŒ‰é”® X çŠ¶æ€æ›´æ–°ä¸º: release
2025-09-22 14:18:04,252 - __main__ - INFO - æŒ‰é”® X çŠ¶æ€æ›´æ–°ä¸º: press
2025-09-22 14:18:10,921 - __main__ - INFO - æ”¶åˆ°æŒ‰é”®æ§åˆ¶è¯·æ±‚: action=release, key=X
2025-09-22 14:18:10,923 - __main__ - INFO - æŒ‰é”® X çŠ¶æ€æ›´æ–°ä¸º: release
2025-09-22 14:18:10,931 - __main__ - INFO - æ”¶åˆ°æŒ‰é”®æ§åˆ¶è¯·æ±‚: action=press, key=Z
2025-09-22 14:18:10,934 - __main__ - INFO - æ¨¡æ‹ŸæŒ‰é”®æŒ‰ä¸‹: Z
2025-09-22 14:18:10,934 - __main__ - INFO - æ”¶åˆ°æŒ‰é”®æ§åˆ¶è¯·æ±‚: action=release, key=Z
2025-09-22 14:18:10,944 - __main__ - INFO - æŒ‰é”® Z çŠ¶æ€æ›´æ–°ä¸º: release
2025-09-22 14:18:10,951 - __main__ - INFO - æŒ‰é”® Z çŠ¶æ€æ›´æ–°ä¸º: press
2025-09-22 14:18:11,647 - __main__ - INFO - æ”¶åˆ°æŒ‰é”®æ§åˆ¶è¯·æ±‚: action=release, key=Z
2025-09-22 14:18:11,647 - __main__ - INFO - æŒ‰é”® Z çŠ¶æ€æ›´æ–°ä¸º: release
2025-09-22 14:18:11,656 - __main__ - INFO - æ”¶åˆ°æŒ‰é”®æ§åˆ¶è¯·æ±‚: action=press, key=X
2025-09-22 14:18:11,664 - __main__ - INFO - æ¨¡æ‹ŸæŒ‰é”®æŒ‰ä¸‹: X
2025-09-22 14:18:11,664 - __main__ - INFO - æ”¶åˆ°æŒ‰é”®æ§åˆ¶è¯·æ±‚: action=release, key=X
2025-09-22 14:18:11,672 - __main__ - INFO - æŒ‰é”® X çŠ¶æ€æ›´æ–°ä¸º: release
2025-09-22 14:18:11,672 - __main__ - INFO - æŒ‰é”® X çŠ¶æ€æ›´æ–°ä¸º: press
2025-09-22 14:18:11,965 - __main__ - INFO - æ”¶åˆ°æŒ‰é”®æ§åˆ¶è¯·æ±‚: action=release, key=X
2025-09-22 14:18:11,965 - __main__ - INFO - æŒ‰é”® X çŠ¶æ€æ›´æ–°ä¸º: release
2025-09-22 14:18:11,973 - __main__ - INFO - æ”¶åˆ°æŒ‰é”®æ§åˆ¶è¯·æ±‚: action=press, key=Z
2025-09-22 14:18:11,973 - __main__ - INFO - æ¨¡æ‹ŸæŒ‰é”®æŒ‰ä¸‹: Z
2025-09-22 14:18:11,981 - __main__ - INFO - æ”¶åˆ°æŒ‰é”®æ§åˆ¶è¯·æ±‚: action=release, key=Z
2025-09-22 14:18:11,981 - __main__ - INFO - æŒ‰é”® Z çŠ¶æ€æ›´æ–°ä¸º: release
2025-09-22 14:18:11,989 - __main__ - INFO - æŒ‰é”® Z çŠ¶æ€æ›´æ–°ä¸º: press
2025-09-22 14:18:12,450 - __main__ - INFO - æ”¶åˆ°æŒ‰é”®æ§åˆ¶è¯·æ±‚: action=release, key=Z
2025-09-22 14:18:12,454 - __main__ - INFO - æŒ‰é”® Z çŠ¶æ€æ›´æ–°ä¸º: release
2025-09-22 14:18:12,459 - __main__ - INFO - æ”¶åˆ°æŒ‰é”®æ§åˆ¶è¯·æ±‚: action=press, key=X
2025-09-22 14:18:12,459 - __main__ - INFO - æ¨¡æ‹ŸæŒ‰é”®æŒ‰ä¸‹: X
2025-09-22 14:18:12,467 - __main__ - INFO - æ”¶åˆ°æŒ‰é”®æ§åˆ¶è¯·æ±‚: action=release, key=X
2025-09-22 14:18:12,467 - __main__ - INFO - æŒ‰é”® X çŠ¶æ€æ›´æ–°ä¸º: press
2025-09-22 14:18:12,475 - __main__ - INFO - æŒ‰é”® X çŠ¶æ€æ›´æ–°ä¸º: release
2025-09-22 14:18:13,449 - __main__ - INFO - æ”¶åˆ°æŒ‰é”®æ§åˆ¶è¯·æ±‚: action=release, key=X
2025-09-22 14:18:13,449 - __main__ - INFO - æŒ‰é”® X çŠ¶æ€æ›´æ–°ä¸º: release
2025-09-22 14:18:13,459 - __main__ - INFO - æ”¶åˆ°æŒ‰é”®æ§åˆ¶è¯·æ±‚: action=press, key=Z
2025-09-22 14:18:13,467 - __main__ - INFO - æ¨¡æ‹ŸæŒ‰é”®æŒ‰ä¸‹: Z
2025-09-22 14:18:13,470 - __main__ - INFO - æ”¶åˆ°æŒ‰é”®æ§åˆ¶è¯·æ±‚: action=release, key=Z
2025-09-22 14:18:13,476 - __main__ - INFO - æŒ‰é”® Z çŠ¶æ€æ›´æ–°ä¸º: release
2025-09-22 14:18:13,484 - __main__ - INFO - æŒ‰é”® Z çŠ¶æ€æ›´æ–°ä¸º: press
2025-09-22 14:18:14,038 - __main__ - INFO - æ”¶åˆ°æŒ‰é”®æ§åˆ¶è¯·æ±‚: action=release, key=Z
2025-09-22 14:18:14,038 - __main__ - INFO - æŒ‰é”® Z çŠ¶æ€æ›´æ–°ä¸º: release
2025-09-22 14:18:14,046 - __main__ - INFO - æ”¶åˆ°æŒ‰é”®æ§åˆ¶è¯·æ±‚: action=press, key=X
2025-09-22 14:18:14,050 - __main__ - INFO - æ¨¡æ‹ŸæŒ‰é”®æŒ‰ä¸‹: X
2025-09-22 14:18:14,054 - __main__ - INFO - æ”¶åˆ°æŒ‰é”®æ§åˆ¶è¯·æ±‚: action=release, key=X
2025-09-22 14:18:14,054 - __main__ - INFO - æŒ‰é”® X çŠ¶æ€æ›´æ–°ä¸º: release
2025-09-22 14:18:14,062 - __main__ - INFO - æŒ‰é”® X çŠ¶æ€æ›´æ–°ä¸º: press
2025-09-22 14:18:14,394 - __main__ - INFO - æ”¶åˆ°æŒ‰é”®æ§åˆ¶è¯·æ±‚: action=release, key=X
2025-09-22 14:18:14,402 - __main__ - INFO - æŒ‰é”® X çŠ¶æ€æ›´æ–°ä¸º: release
2025-09-22 14:18:14,402 - __main__ - INFO - æ”¶åˆ°æŒ‰é”®æ§åˆ¶è¯·æ±‚: action=press, key=Z
2025-09-22 14:18:14,410 - __main__ - INFO - æ¨¡æ‹ŸæŒ‰é”®æŒ‰ä¸‹: Z
2025-09-22 14:18:14,419 - __main__ - INFO - æ”¶åˆ°æŒ‰é”®æ§åˆ¶è¯·æ±‚: action=release, key=Z
2025-09-22 14:18:14,419 - __main__ - INFO - æŒ‰é”® Z çŠ¶æ€æ›´æ–°ä¸º: release
2025-09-22 14:18:14,419 - __main__ - INFO - æŒ‰é”® Z çŠ¶æ€æ›´æ–°ä¸º: press
2025-09-22 14:18:14,715 - __main__ - INFO - æ”¶åˆ°æŒ‰é”®æ§åˆ¶è¯·æ±‚: action=release, key=Z
2025-09-22 14:18:14,715 - __main__ - INFO - æŒ‰é”® Z çŠ¶æ€æ›´æ–°ä¸º: release
2025-09-22 14:18:14,723 - __main__ - INFO - æ”¶åˆ°æŒ‰é”®æ§åˆ¶è¯·æ±‚: action=press, key=X
2025-09-22 14:18:14,731 - __main__ - INFO - æ¨¡æ‹ŸæŒ‰é”®æŒ‰ä¸‹: X
2025-09-22 14:18:14,731 - __main__ - INFO - æ”¶åˆ°æŒ‰é”®æ§åˆ¶è¯·æ±‚: action=release, key=X
2025-09-22 14:18:14,739 - __main__ - INFO - æŒ‰é”® X çŠ¶æ€æ›´æ–°ä¸º: release
2025-09-22 14:18:14,741 - __main__ - INFO - æŒ‰é”® X çŠ¶æ€æ›´æ–°ä¸º: press
2025-09-22 14:18:17,980 - __main__ - INFO - æ”¶åˆ°æŒ‰é”®æ§åˆ¶è¯·æ±‚: action=release, key=X
2025-09-22 14:18:17,984 - __main__ - INFO - æŒ‰é”® X çŠ¶æ€æ›´æ–°ä¸º: release
2025-09-22 14:18:17,995 - __main__ - INFO - æ”¶åˆ°æŒ‰é”®æ§åˆ¶è¯·æ±‚: action=press, key=Z
2025-09-22 14:18:18,001 - __main__ - INFO - æ”¶åˆ°æŒ‰é”®æ§åˆ¶è¯·æ±‚: action=release, key=Z
2025-09-22 14:18:18,004 - __main__ - INFO - æ¨¡æ‹ŸæŒ‰é”®æŒ‰ä¸‹: Z
2025-09-22 14:18:18,004 - __main__ - INFO - æŒ‰é”® Z çŠ¶æ€æ›´æ–°ä¸º: release
2025-09-22 14:18:18,021 - __main__ - INFO - æŒ‰é”® Z çŠ¶æ€æ›´æ–°ä¸º: press
2025-09-22 14:18:18,430 - __main__ - INFO - æ”¶åˆ°æŒ‰é”®æ§åˆ¶è¯·æ±‚: action=press, key=Z
2025-09-22 14:18:18,430 - __main__ - INFO - æ¨¡æ‹ŸæŒ‰é”®æŒ‰ä¸‹: Z
2025-09-22 14:18:18,441 - __main__ - INFO - æ”¶åˆ°æŒ‰é”®æ§åˆ¶è¯·æ±‚: action=release, key=Z
2025-09-22 14:18:18,448 - __main__ - INFO - æŒ‰é”® Z çŠ¶æ€æ›´æ–°ä¸º: release
2025-09-22 14:18:18,448 - __main__ - INFO - æŒ‰é”® Z çŠ¶æ€æ›´æ–°ä¸º: press
2025-09-22 14:18:19,034 - __main__ - INFO - æ”¶åˆ°æŒ‰é”®æ§åˆ¶è¯·æ±‚: action=release, key=Z
2025-09-22 14:18:19,034 - __main__ - INFO - æŒ‰é”® Z çŠ¶æ€æ›´æ–°ä¸º: release
2025-09-22 14:18:19,043 - __main__ - INFO - æ”¶åˆ°æŒ‰é”®æ§åˆ¶è¯·æ±‚: action=press, key=X
2025-09-22 14:18:19,043 - __main__ - INFO - æ¨¡æ‹ŸæŒ‰é”®æŒ‰ä¸‹: X
2025-09-22 14:18:19,051 - __main__ - INFO - æ”¶åˆ°æŒ‰é”®æ§åˆ¶è¯·æ±‚: action=release, key=X
2025-09-22 14:18:19,064 - __main__ - INFO - æŒ‰é”® X çŠ¶æ€æ›´æ–°ä¸º: release
2025-09-22 14:18:19,066 - __main__ - INFO - æŒ‰é”® X çŠ¶æ€æ›´æ–°ä¸º: press
2025-09-22 14:18:19,390 - __main__ - INFO - æ”¶åˆ°æŒ‰é”®æ§åˆ¶è¯·æ±‚: action=release, key=X
2025-09-22 14:18:19,390 - __main__ - INFO - æŒ‰é”® X çŠ¶æ€æ›´æ–°ä¸º: release
2025-09-22 14:18:19,407 - __main__ - INFO - æ”¶åˆ°æŒ‰é”®æ§åˆ¶è¯·æ±‚: action=press, key=Z
2025-09-22 14:18:19,407 - __main__ - INFO - æ¨¡æ‹ŸæŒ‰é”®æŒ‰ä¸‹: Z
2025-09-22 14:18:19,413 - __main__ - INFO - æ”¶åˆ°æŒ‰é”®æ§åˆ¶è¯·æ±‚: action=release, key=Z
2025-09-22 14:18:19,413 - __main__ - INFO - æŒ‰é”® Z çŠ¶æ€æ›´æ–°ä¸º: release
2025-09-22 14:18:19,421 - __main__ - INFO - æŒ‰é”® Z çŠ¶æ€æ›´æ–°ä¸º: press
2025-09-22 14:18:19,643 - __main__ - INFO - æ”¶åˆ°æŒ‰é”®æ§åˆ¶è¯·æ±‚: action=release, key=Z
2025-09-22 14:18:19,650 - __main__ - INFO - æŒ‰é”® Z çŠ¶æ€æ›´æ–°ä¸º: release
2025-09-22 14:18:19,659 - __main__ - INFO - æ”¶åˆ°æŒ‰é”®æ§åˆ¶è¯·æ±‚: action=press, key=X
2025-09-22 14:18:19,659 - __main__ - INFO - æ¨¡æ‹ŸæŒ‰é”®æŒ‰ä¸‹: X
2025-09-22 14:18:19,667 - __main__ - INFO - æ”¶åˆ°æŒ‰é”®æ§åˆ¶è¯·æ±‚: action=release, key=X
2025-09-22 14:18:19,667 - __main__ - INFO - æŒ‰é”® X çŠ¶æ€æ›´æ–°ä¸º: release
2025-09-22 14:18:19,675 - __main__ - INFO - æŒ‰é”® X çŠ¶æ€æ›´æ–°ä¸º: press
2025-09-22 14:18:19,987 - __main__ - INFO - æ”¶åˆ°æŒ‰é”®æ§åˆ¶è¯·æ±‚: action=release, key=X
2025-09-22 14:18:19,987 - __main__ - INFO - æŒ‰é”® X çŠ¶æ€æ›´æ–°ä¸º: release
2025-09-22 14:18:19,993 - __main__ - INFO - æ”¶åˆ°æŒ‰é”®æ§åˆ¶è¯·æ±‚: action=press, key=Z
2025-09-22 14:18:19,996 - __main__ - INFO - æ¨¡æ‹ŸæŒ‰é”®æŒ‰ä¸‹: Z
2025-09-22 14:18:20,001 - __main__ - INFO - æ”¶åˆ°æŒ‰é”®æ§åˆ¶è¯·æ±‚: action=release, key=Z
2025-09-22 14:18:20,001 - __main__ - INFO - æŒ‰é”® Z çŠ¶æ€æ›´æ–°ä¸º: release
2025-09-22 14:18:20,010 - __main__ - INFO - æŒ‰é”® Z çŠ¶æ€æ›´æ–°ä¸º: press
2025-09-22 14:18:20,249 - __main__ - INFO - æ”¶åˆ°æŒ‰é”®æ§åˆ¶è¯·æ±‚: action=release, key=Z
2025-09-22 14:18:20,249 - __main__ - INFO - æŒ‰é”® Z çŠ¶æ€æ›´æ–°ä¸º: release
2025-09-22 14:18:20,259 - __main__ - INFO - æ”¶åˆ°æŒ‰é”®æ§åˆ¶è¯·æ±‚: action=press, key=X
2025-09-22 14:18:20,261 - __main__ - INFO - æ¨¡æ‹ŸæŒ‰é”®æŒ‰ä¸‹: X
2025-09-22 14:18:20,267 - __main__ - INFO - æ”¶åˆ°æŒ‰é”®æ§åˆ¶è¯·æ±‚: action=release, key=X
2025-09-22 14:18:20,267 - __main__ - INFO - æŒ‰é”® X çŠ¶æ€æ›´æ–°ä¸º: release
2025-09-22 14:18:20,273 - __main__ - INFO - æŒ‰é”® X çŠ¶æ€æ›´æ–°ä¸º: press
2025-09-22 14:18:20,772 - __main__ - INFO - æ”¶åˆ°æŒ‰é”®æ§åˆ¶è¯·æ±‚: action=release, key=X
2025-09-22 14:18:20,772 - __main__ - INFO - æŒ‰é”® X çŠ¶æ€æ›´æ–°ä¸º: release
2025-09-22 14:18:20,780 - __main__ - INFO - æ”¶åˆ°æŒ‰é”®æ§åˆ¶è¯·æ±‚: action=press, key=Z
2025-09-22 14:18:20,788 - __main__ - INFO - æ¨¡æ‹ŸæŒ‰é”®æŒ‰ä¸‹: Z
2025-09-22 14:18:20,788 - __main__ - INFO - æ”¶åˆ°æŒ‰é”®æ§åˆ¶è¯·æ±‚: action=release, key=Z
2025-09-22 14:18:20,788 - __main__ - INFO - æŒ‰é”® Z çŠ¶æ€æ›´æ–°ä¸º: release
2025-09-22 14:18:20,800 - __main__ - INFO - æŒ‰é”® Z çŠ¶æ€æ›´æ–°ä¸º: press
2025-09-22 14:18:21,235 - __main__ - INFO - æ”¶åˆ°æŒ‰é”®æ§åˆ¶è¯·æ±‚: action=release, key=Z
2025-09-22 14:18:21,235 - __main__ - INFO - æŒ‰é”® Z çŠ¶æ€æ›´æ–°ä¸º: release
2025-09-22 14:18:21,243 - __main__ - INFO - æ”¶åˆ°æŒ‰é”®æ§åˆ¶è¯·æ±‚: action=press, key=X
2025-09-22 14:18:21,248 - __main__ - INFO - æ¨¡æ‹ŸæŒ‰é”®æŒ‰ä¸‹: X
2025-09-22 14:18:21,252 - __main__ - INFO - æ”¶åˆ°æŒ‰é”®æ§åˆ¶è¯·æ±‚: action=release, key=X
2025-09-22 14:18:21,252 - __main__ - INFO - æŒ‰é”® X çŠ¶æ€æ›´æ–°ä¸º: release
2025-09-22 14:18:21,260 - __main__ - INFO - æŒ‰é”® X çŠ¶æ€æ›´æ–°ä¸º: press
2025-09-22 14:18:21,468 - __main__ - INFO - æ”¶åˆ°æŒ‰é”®æ§åˆ¶è¯·æ±‚: action=press, key=X
2025-09-22 14:18:21,487 - __main__ - INFO - æ¨¡æ‹ŸæŒ‰é”®æŒ‰ä¸‹: X
2025-09-22 14:18:21,495 - __main__ - INFO - æ”¶åˆ°æŒ‰é”®æ§åˆ¶è¯·æ±‚: action=release, key=X
2025-09-22 14:18:21,501 - __main__ - INFO - æŒ‰é”® X çŠ¶æ€æ›´æ–°ä¸º: release
2025-09-22 14:18:21,505 - __main__ - INFO - æŒ‰é”® X çŠ¶æ€æ›´æ–°ä¸º: press
2025-09-22 14:18:42,743 - __main__ - INFO - å®¢æˆ·ç«¯å·²æ–­å¼€è¿æ¥
2025-09-22 14:18:42,743 - werkzeug - INFO - 192.168.1.6 - - [22/Sep/2025 14:18:42] "GET /socket.io/?EIO=4&transport=websocket&sid=inCGysT4eeCjDtgzAAAA HTTP/1.1" 200 -
2025-09-22 14:21:23,414 - __main__ - INFO - å¯åŠ¨æ§åˆ¶æœåŠ¡...
2025-09-22 14:21:23,422 - __main__ - INFO - è¯·ç¡®ä¿ä»¥ç®¡ç†å‘˜æƒé™è¿è¡Œæ­¤ç¨‹åº
2025-09-22 14:21:23,491 - werkzeug - INFO - [31m[1mWARNING: This is a development server. Do not use it in a production deployment. Use a production WSGI server instead.[0m
 * Running on http://192.168.1.5:5001
2025-09-22 14:21:23,491 - werkzeug - INFO - [33mPress CTRL+C to quit[0m
2025-09-22 14:21:23,495 - werkzeug - INFO -  * Restarting with watchdog (windowsapi)
2025-09-22 14:21:26,656 - __main__ - INFO - å¯åŠ¨æ§åˆ¶æœåŠ¡...
2025-09-22 14:21:26,664 - __main__ - INFO - è¯·ç¡®ä¿ä»¥ç®¡ç†å‘˜æƒé™è¿è¡Œæ­¤ç¨‹åº
2025-09-22 14:21:26,722 - werkzeug - WARNING -  * Debugger is active!
2025-09-22 14:21:26,722 - werkzeug - INFO -  * Debugger PIN: 961-224-502
2025-09-22 14:21:38,303 - werkzeug - INFO - 192.168.1.6 - - [22/Sep/2025 14:21:38] "GET /socket.io/?EIO=4&transport=polling&t=Pbm5QYI HTTP/1.1" 200 -
2025-09-22 14:21:38,360 - __main__ - INFO - å®¢æˆ·ç«¯å·²è¿æ¥
2025-09-22 14:21:38,360 - __main__ - INFO - è·å–æœ€è¿‘ 50 æ¡æ—¥å¿—è®°å½•
2025-09-22 14:21:38,369 - werkzeug - INFO - 192.168.1.6 - - [22/Sep/2025 14:21:38] "POST /socket.io/?EIO=4&transport=polling&t=Pbm5QaA&sid=ydEKXuDr18vyvFEmAAAA HTTP/1.1" 200 -
2025-09-22 14:21:38,385 - werkzeug - INFO - 192.168.1.6 - - [22/Sep/2025 14:21:38] "GET /socket.io/?EIO=4&transport=polling&t=Pbm5QaC&sid=ydEKXuDr18vyvFEmAAAA HTTP/1.1" 200 -
2025-09-22 14:21:38,416 - werkzeug - INFO - 192.168.1.6 - - [22/Sep/2025 14:21:38] "GET /socket.io/?EIO=4&transport=polling&t=Pbm5QbA&sid=ydEKXuDr18vyvFEmAAAA HTTP/1.1" 200 -
2025-09-22 14:21:38,590 - werkzeug - INFO - 192.168.1.6 - - [22/Sep/2025 14:21:38] "GET /socket.io/?EIO=4&transport=polling&t=Pbm5QcK&sid=ydEKXuDr18vyvFEmAAAA HTTP/1.1" 200 -
2025-09-22 14:21:51,496 - __main__ - INFO - å®¢æˆ·ç«¯å·²æ–­å¼€è¿æ¥
2025-09-22 14:21:51,496 - werkzeug - INFO - 192.168.1.6 - - [22/Sep/2025 14:21:51] "GET /socket.io/?EIO=4&transport=websocket&sid=ydEKXuDr18vyvFEmAAAA HTTP/1.1" 200 -
2025-09-22 14:21:51,598 - werkzeug - INFO - 192.168.1.6 - - [22/Sep/2025 14:21:51] "GET /socket.io/?EIO=4&transport=polling&t=Pbm5Toe HTTP/1.1" 200 -
2025-09-22 14:21:51,798 - __main__ - INFO - å®¢æˆ·ç«¯å·²è¿æ¥
2025-09-22 14:21:51,806 - __main__ - INFO - è·å–æœ€è¿‘ 50 æ¡æ—¥å¿—è®°å½•
2025-09-22 14:21:51,810 - werkzeug - INFO - 192.168.1.6 - - [22/Sep/2025 14:21:51] "POST /socket.io/?EIO=4&transport=polling&t=Pbm5TrQ&sid=1brTkrm-ptF4KgsZAAAC HTTP/1.1" 200 -
2025-09-22 14:21:51,833 - werkzeug - INFO - 192.168.1.6 - - [22/Sep/2025 14:21:51] "GET /socket.io/?EIO=4&transport=polling&t=Pbm5TrR&sid=1brTkrm-ptF4KgsZAAAC HTTP/1.1" 200 -
2025-09-22 14:21:53,224 - __main__ - INFO - æ”¶åˆ°æŒ‰é”®æ§åˆ¶è¯·æ±‚: action=press, key=Z
2025-09-22 14:21:53,232 - __main__ - INFO - æ¨¡æ‹ŸæŒ‰é”®æŒ‰ä¸‹: Z
2025-09-22 14:21:53,234 - __main__ - INFO - æ”¶åˆ°æŒ‰é”®æ§åˆ¶è¯·æ±‚: action=release, key=Z
2025-09-22 14:21:53,239 - __main__ - INFO - æŒ‰é”® Z çŠ¶æ€æ›´æ–°ä¸º: release
2025-09-22 14:21:53,243 - __main__ - INFO - æŒ‰é”® Z çŠ¶æ€æ›´æ–°ä¸º: press
2025-09-22 14:21:53,653 - __main__ - INFO - æ”¶åˆ°æŒ‰é”®æ§åˆ¶è¯·æ±‚: action=press, key=X
2025-09-22 14:21:53,653 - __main__ - INFO - æ¨¡æ‹ŸæŒ‰é”®æŒ‰ä¸‹: X
2025-09-22 14:21:53,664 - __main__ - INFO - æŒ‰é”® X çŠ¶æ€æ›´æ–°ä¸º: press
2025-09-22 14:21:53,711 - __main__ - INFO - æ”¶åˆ°æŒ‰é”®æ§åˆ¶è¯·æ±‚: action=release, key=X
2025-09-22 14:21:53,716 - __main__ - INFO - æŒ‰é”® X çŠ¶æ€æ›´æ–°ä¸º: release
2025-09-22 14:21:54,061 - __main__ - INFO - æ”¶åˆ°æŒ‰é”®æ§åˆ¶è¯·æ±‚: action=press, key=Z
2025-09-22 14:21:54,061 - __main__ - INFO - æ¨¡æ‹ŸæŒ‰é”®æŒ‰ä¸‹: Z
2025-09-22 14:21:54,070 - __main__ - INFO - æŒ‰é”® Z çŠ¶æ€æ›´æ–°ä¸º: press
2025-09-22 14:21:54,113 - __main__ - INFO - æ”¶åˆ°æŒ‰é”®æ§åˆ¶è¯·æ±‚: action=release, key=Z
2025-09-22 14:21:54,113 - __main__ - INFO - æŒ‰é”® Z çŠ¶æ€æ›´æ–°ä¸º: release
2025-09-22 14:21:54,349 - __main__ - INFO - æ”¶åˆ°æŒ‰é”®æ§åˆ¶è¯·æ±‚: action=press, key=X
2025-09-22 14:21:54,349 - __main__ - INFO - æ¨¡æ‹ŸæŒ‰é”®æŒ‰ä¸‹: X
2025-09-22 14:21:54,358 - __main__ - INFO - æŒ‰é”® X çŠ¶æ€æ›´æ–°ä¸º: press
2025-09-22 14:21:54,398 - __main__ - INFO - æ”¶åˆ°æŒ‰é”®æ§åˆ¶è¯·æ±‚: action=release, key=X
2025-09-22 14:21:54,398 - __main__ - INFO - æŒ‰é”® X çŠ¶æ€æ›´æ–°ä¸º: release
2025-09-22 14:21:54,557 - __main__ - INFO - æ”¶åˆ°æŒ‰é”®æ§åˆ¶è¯·æ±‚: action=press, key=Z
2025-09-22 14:21:54,557 - __main__ - INFO - æ¨¡æ‹ŸæŒ‰é”®æŒ‰ä¸‹: Z
2025-09-22 14:21:54,565 - __main__ - INFO - æ”¶åˆ°æŒ‰é”®æ§åˆ¶è¯·æ±‚: action=release, key=Z
2025-09-22 14:21:54,565 - __main__ - INFO - æŒ‰é”® Z çŠ¶æ€æ›´æ–°ä¸º: release
2025-09-22 14:21:54,573 - __main__ - INFO - æŒ‰é”® Z çŠ¶æ€æ›´æ–°ä¸º: press
2025-09-22 14:21:54,681 - __main__ - INFO - æ”¶åˆ°æŒ‰é”®æ§åˆ¶è¯·æ±‚: action=press, key=X
2025-09-22 14:21:54,681 - __main__ - INFO - æ¨¡æ‹ŸæŒ‰é”®æŒ‰ä¸‹: X
2025-09-22 14:21:54,692 - __main__ - INFO - æŒ‰é”® X çŠ¶æ€æ›´æ–°ä¸º: press
2025-09-22 14:21:54,863 - __main__ - INFO - æ”¶åˆ°æŒ‰é”®æ§åˆ¶è¯·æ±‚: action=release, key=X
2025-09-22 14:21:54,863 - __main__ - INFO - æŒ‰é”® X çŠ¶æ€æ›´æ–°ä¸º: release
2025-09-22 14:21:54,871 - __main__ - INFO - æ”¶åˆ°æŒ‰é”®æ§åˆ¶è¯·æ±‚: action=press, key=Z
2025-09-22 14:21:54,871 - __main__ - INFO - æ¨¡æ‹ŸæŒ‰é”®æŒ‰ä¸‹: Z
2025-09-22 14:21:54,879 - __main__ - INFO - æŒ‰é”® Z çŠ¶æ€æ›´æ–°ä¸º: press
2025-09-22 14:21:54,898 - __main__ - INFO - æ”¶åˆ°æŒ‰é”®æ§åˆ¶è¯·æ±‚: action=release, key=Z
2025-09-22 14:21:54,904 - __main__ - INFO - æŒ‰é”® Z çŠ¶æ€æ›´æ–°ä¸º: release
2025-09-22 14:21:54,995 - __main__ - INFO - æ”¶åˆ°æŒ‰é”®æ§åˆ¶è¯·æ±‚: action=press, key=X
2025-09-22 14:21:54,995 - __main__ - INFO - æ¨¡æ‹ŸæŒ‰é”®æŒ‰ä¸‹: X
2025-09-22 14:21:55,003 - __main__ - INFO - æŒ‰é”® X çŠ¶æ€æ›´æ–°ä¸º: press
2025-09-22 14:21:55,061 - __main__ - INFO - æ”¶åˆ°æŒ‰é”®æ§åˆ¶è¯·æ±‚: action=release, key=X
2025-09-22 14:21:55,061 - __main__ - INFO - æŒ‰é”® X çŠ¶æ€æ›´æ–°ä¸º: release
2025-09-22 14:21:55,148 - __main__ - INFO - æ”¶åˆ°æŒ‰é”®æ§åˆ¶è¯·æ±‚: action=press, key=Z
2025-09-22 14:21:55,150 - __main__ - INFO - æ¨¡æ‹ŸæŒ‰é”®æŒ‰ä¸‹: Z
2025-09-22 14:21:55,156 - __main__ - INFO - æŒ‰é”® Z çŠ¶æ€æ›´æ–°ä¸º: press
2025-09-22 14:21:55,211 - __main__ - INFO - æ”¶åˆ°æŒ‰é”®æ§åˆ¶è¯·æ±‚: action=release, key=Z
2025-09-22 14:21:55,211 - __main__ - INFO - æŒ‰é”® Z çŠ¶æ€æ›´æ–°ä¸º: release
2025-09-22 14:21:55,373 - __main__ - INFO - æ”¶åˆ°æŒ‰é”®æ§åˆ¶è¯·æ±‚: action=press, key=X
2025-09-22 14:21:55,373 - __main__ - INFO - æ¨¡æ‹ŸæŒ‰é”®æŒ‰ä¸‹: X
2025-09-22 14:21:55,382 - __main__ - INFO - æŒ‰é”® X çŠ¶æ€æ›´æ–°ä¸º: press
2025-09-22 14:21:55,510 - __main__ - INFO - æ”¶åˆ°æŒ‰é”®æ§åˆ¶è¯·æ±‚: action=release, key=X
2025-09-22 14:21:55,516 - __main__ - INFO - æŒ‰é”® X çŠ¶æ€æ›´æ–°ä¸º: release
2025-09-22 14:21:55,524 - __main__ - INFO - æ”¶åˆ°æŒ‰é”®æ§åˆ¶è¯·æ±‚: action=press, key=Z
2025-09-22 14:21:55,524 - __main__ - INFO - æ¨¡æ‹ŸæŒ‰é”®æŒ‰ä¸‹: Z
2025-09-22 14:21:55,532 - __main__ - INFO - æŒ‰é”® Z çŠ¶æ€æ›´æ–°ä¸º: press
2025-09-22 14:21:55,557 - __main__ - INFO - æ”¶åˆ°æŒ‰é”®æ§åˆ¶è¯·æ±‚: action=release, key=Z
2025-09-22 14:21:55,565 - __main__ - INFO - æŒ‰é”® Z çŠ¶æ€æ›´æ–°ä¸º: release
2025-09-22 14:21:55,895 - __main__ - INFO - æ”¶åˆ°æŒ‰é”®æ§åˆ¶è¯·æ±‚: action=press, key=X
2025-09-22 14:21:55,897 - __main__ - INFO - æ¨¡æ‹ŸæŒ‰é”®æŒ‰ä¸‹: X
2025-09-22 14:21:55,902 - __main__ - INFO - æ”¶åˆ°æŒ‰é”®æ§åˆ¶è¯·æ±‚: action=release, key=X
2025-09-22 14:21:55,905 - __main__ - INFO - æŒ‰é”® X çŠ¶æ€æ›´æ–°ä¸º: release
2025-09-22 14:21:55,913 - __main__ - INFO - æŒ‰é”® X çŠ¶æ€æ›´æ–°ä¸º: press
2025-09-22 14:21:55,948 - __main__ - INFO - æ”¶åˆ°æŒ‰é”®æ§åˆ¶è¯·æ±‚: action=press, key=Z
2025-09-22 14:21:55,948 - __main__ - INFO - æ¨¡æ‹ŸæŒ‰é”®æŒ‰ä¸‹: Z
2025-09-22 14:21:55,958 - __main__ - INFO - æŒ‰é”® Z çŠ¶æ€æ›´æ–°ä¸º: press
2025-09-22 14:21:56,065 - __main__ - INFO - æ”¶åˆ°æŒ‰é”®æ§åˆ¶è¯·æ±‚: action=release, key=Z
2025-09-22 14:21:56,065 - __main__ - INFO - æŒ‰é”® Z çŠ¶æ€æ›´æ–°ä¸º: release
2025-09-22 14:21:56,198 - __main__ - INFO - æ”¶åˆ°æŒ‰é”®æ§åˆ¶è¯·æ±‚: action=press, key=X
2025-09-22 14:21:56,199 - __main__ - INFO - æ¨¡æ‹ŸæŒ‰é”®æŒ‰ä¸‹: X
2025-09-22 14:21:56,205 - __main__ - INFO - æŒ‰é”® X çŠ¶æ€æ›´æ–°ä¸º: press
2025-09-22 14:21:56,247 - __main__ - INFO - æ”¶åˆ°æŒ‰é”®æ§åˆ¶è¯·æ±‚: action=release, key=X
2025-09-22 14:21:56,247 - __main__ - INFO - æŒ‰é”® X çŠ¶æ€æ›´æ–°ä¸º: release
2025-09-22 14:21:56,504 - __main__ - INFO - æ”¶åˆ°æŒ‰é”®æ§åˆ¶è¯·æ±‚: action=press, key=X
2025-09-22 14:21:56,505 - __main__ - INFO - æ¨¡æ‹ŸæŒ‰é”®æŒ‰ä¸‹: X
2025-09-22 14:21:56,512 - __main__ - INFO - æŒ‰é”® X çŠ¶æ€æ›´æ–°ä¸º: press
2025-09-22 14:21:56,531 - __main__ - INFO - æ”¶åˆ°æŒ‰é”®æ§åˆ¶è¯·æ±‚: action=release, key=X
2025-09-22 14:21:56,534 - __main__ - INFO - æŒ‰é”® X çŠ¶æ€æ›´æ–°ä¸º: release
2025-09-22 14:21:56,581 - __main__ - INFO - æ”¶åˆ°æŒ‰é”®æ§åˆ¶è¯·æ±‚: action=press, key=Z
2025-09-22 14:21:56,584 - __main__ - INFO - æ¨¡æ‹ŸæŒ‰é”®æŒ‰ä¸‹: Z
2025-09-22 14:21:56,589 - __main__ - INFO - æŒ‰é”® Z çŠ¶æ€æ›´æ–°ä¸º: press
2025-09-22 14:21:56,646 - __main__ - INFO - æ”¶åˆ°æŒ‰é”®æ§åˆ¶è¯·æ±‚: action=release, key=Z
2025-09-22 14:21:56,646 - __main__ - INFO - æŒ‰é”® Z çŠ¶æ€æ›´æ–°ä¸º: release
2025-09-22 14:21:56,823 - __main__ - INFO - æ”¶åˆ°æŒ‰é”®æ§åˆ¶è¯·æ±‚: action=press, key=X
2025-09-22 14:21:56,826 - __main__ - INFO - æ¨¡æ‹ŸæŒ‰é”®æŒ‰ä¸‹: X
2025-09-22 14:21:56,835 - __main__ - INFO - æŒ‰é”® X çŠ¶æ€æ›´æ–°ä¸º: press
2025-09-22 14:21:56,865 - __main__ - INFO - æ”¶åˆ°æŒ‰é”®æ§åˆ¶è¯·æ±‚: action=release, key=X
2025-09-22 14:21:56,872 - __main__ - INFO - æŒ‰é”® X çŠ¶æ€æ›´æ–°ä¸º: release
2025-09-22 14:21:57,019 - __main__ - INFO - æ”¶åˆ°æŒ‰é”®æ§åˆ¶è¯·æ±‚: action=press, key=X
2025-09-22 14:21:57,021 - __main__ - INFO - æ¨¡æ‹ŸæŒ‰é”®æŒ‰ä¸‹: X
2025-09-22 14:21:57,030 - __main__ - INFO - æŒ‰é”® X çŠ¶æ€æ›´æ–°ä¸º: press
2025-09-22 14:21:57,046 - __main__ - INFO - æ”¶åˆ°æŒ‰é”®æ§åˆ¶è¯·æ±‚: action=release, key=X
2025-09-22 14:21:57,054 - __main__ - INFO - æŒ‰é”® X çŠ¶æ€æ›´æ–°ä¸º: release
2025-09-22 14:21:57,147 - __main__ - INFO - æ”¶åˆ°æŒ‰é”®æ§åˆ¶è¯·æ±‚: action=press, key=X
2025-09-22 14:21:57,147 - __main__ - INFO - æ¨¡æ‹ŸæŒ‰é”®æŒ‰ä¸‹: X
2025-09-22 14:21:57,155 - __main__ - INFO - æŒ‰é”® X çŠ¶æ€æ›´æ–°ä¸º: press
2025-09-22 14:21:57,195 - __main__ - INFO - æ”¶åˆ°æŒ‰é”®æ§åˆ¶è¯·æ±‚: action=release, key=X
2025-09-22 14:21:57,195 - __main__ - INFO - æŒ‰é”® X çŠ¶æ€æ›´æ–°ä¸º: release
2025-09-22 14:21:57,349 - __main__ - INFO - æ”¶åˆ°æŒ‰é”®æ§åˆ¶è¯·æ±‚: action=press, key=Z
2025-09-22 14:21:57,349 - __main__ - INFO - æ¨¡æ‹ŸæŒ‰é”®æŒ‰ä¸‹: Z
2025-09-22 14:21:57,358 - __main__ - INFO - æŒ‰é”® Z çŠ¶æ€æ›´æ–°ä¸º: press
2025-09-22 14:21:57,409 - __main__ - INFO - æ”¶åˆ°æŒ‰é”®æ§åˆ¶è¯·æ±‚: action=release, key=Z
2025-09-22 14:21:57,414 - __main__ - INFO - æŒ‰é”® Z çŠ¶æ€æ›´æ–°ä¸º: release
2025-09-22 14:21:57,516 - __main__ - INFO - æ”¶åˆ°æŒ‰é”®æ§åˆ¶è¯·æ±‚: action=press, key=Z
2025-09-22 14:21:57,516 - __main__ - INFO - æ¨¡æ‹ŸæŒ‰é”®æŒ‰ä¸‹: Z
2025-09-22 14:21:57,520 - __main__ - INFO - æŒ‰é”® Z çŠ¶æ€æ›´æ–°ä¸º: press
2025-09-22 14:21:57,596 - __main__ - INFO - æ”¶åˆ°æŒ‰é”®æ§åˆ¶è¯·æ±‚: action=release, key=Z
2025-09-22 14:21:57,596 - __main__ - INFO - æŒ‰é”® Z çŠ¶æ€æ›´æ–°ä¸º: release
2025-09-22 14:21:57,745 - __main__ - INFO - æ”¶åˆ°æŒ‰é”®æ§åˆ¶è¯·æ±‚: action=press, key=X
2025-09-22 14:21:57,751 - __main__ - INFO - æ¨¡æ‹ŸæŒ‰é”®æŒ‰ä¸‹: X
2025-09-22 14:21:57,751 - __main__ - INFO - æŒ‰é”® X çŠ¶æ€æ›´æ–°ä¸º: press
2025-09-22 14:21:57,874 - __main__ - INFO - æ”¶åˆ°æŒ‰é”®æ§åˆ¶è¯·æ±‚: action=release, key=X
2025-09-22 14:21:57,881 - __main__ - INFO - æŒ‰é”® X çŠ¶æ€æ›´æ–°ä¸º: release
2025-09-22 14:21:58,219 - __main__ - INFO - æ”¶åˆ°æŒ‰é”®æ§åˆ¶è¯·æ±‚: action=press, key=Z
2025-09-22 14:21:58,227 - __main__ - INFO - æ¨¡æ‹ŸæŒ‰é”®æŒ‰ä¸‹: Z
2025-09-22 14:21:58,227 - __main__ - INFO - æŒ‰é”® Z çŠ¶æ€æ›´æ–°ä¸º: press
2025-09-22 14:21:58,700 - __main__ - INFO - æ”¶åˆ°æŒ‰é”®æ§åˆ¶è¯·æ±‚: action=release, key=Z
2025-09-22 14:21:58,700 - __main__ - INFO - æŒ‰é”® Z çŠ¶æ€æ›´æ–°ä¸º: release
2025-09-22 14:21:59,121 - __main__ - INFO - æ”¶åˆ°æŒ‰é”®æ§åˆ¶è¯·æ±‚: action=press, key=X
2025-09-22 14:21:59,124 - __main__ - INFO - æ¨¡æ‹ŸæŒ‰é”®æŒ‰ä¸‹: X
2025-09-22 14:21:59,129 - __main__ - INFO - æŒ‰é”® X çŠ¶æ€æ›´æ–°ä¸º: press
2025-09-22 14:21:59,231 - __main__ - INFO - æ”¶åˆ°æŒ‰é”®æ§åˆ¶è¯·æ±‚: action=release, key=X
2025-09-22 14:21:59,231 - __main__ - INFO - æŒ‰é”® X çŠ¶æ€æ›´æ–°ä¸º: release
2025-09-22 14:21:59,320 - __main__ - INFO - æ”¶åˆ°æŒ‰é”®æ§åˆ¶è¯·æ±‚: action=press, key=X
2025-09-22 14:21:59,320 - __main__ - INFO - æ¨¡æ‹ŸæŒ‰é”®æŒ‰ä¸‹: X
2025-09-22 14:21:59,328 - __main__ - INFO - æŒ‰é”® X çŠ¶æ€æ›´æ–°ä¸º: press
2025-09-22 14:21:59,396 - __main__ - INFO - æ”¶åˆ°æŒ‰é”®æ§åˆ¶è¯·æ±‚: action=release, key=X
2025-09-22 14:21:59,399 - __main__ - INFO - æŒ‰é”® X çŠ¶æ€æ›´æ–°ä¸º: release
2025-09-22 14:21:59,482 - __main__ - INFO - æ”¶åˆ°æŒ‰é”®æ§åˆ¶è¯·æ±‚: action=press, key=Z
2025-09-22 14:21:59,482 - __main__ - INFO - æ¨¡æ‹ŸæŒ‰é”®æŒ‰ä¸‹: Z
2025-09-22 14:21:59,492 - __main__ - INFO - æŒ‰é”® Z çŠ¶æ€æ›´æ–°ä¸º: press
2025-09-22 14:21:59,546 - __main__ - INFO - æ”¶åˆ°æŒ‰é”®æ§åˆ¶è¯·æ±‚: action=release, key=Z
2025-09-22 14:21:59,546 - __main__ - INFO - æŒ‰é”® Z çŠ¶æ€æ›´æ–°ä¸º: release
2025-09-22 14:21:59,661 - __main__ - INFO - æ”¶åˆ°æŒ‰é”®æ§åˆ¶è¯·æ±‚: action=press, key=Z
2025-09-22 14:21:59,661 - __main__ - INFO - æ¨¡æ‹ŸæŒ‰é”®æŒ‰ä¸‹: Z
2025-09-22 14:21:59,667 - __main__ - INFO - æŒ‰é”® Z çŠ¶æ€æ›´æ–°ä¸º: press
2025-09-22 14:21:59,741 - __main__ - INFO - æ”¶åˆ°æŒ‰é”®æ§åˆ¶è¯·æ±‚: action=release, key=Z
2025-09-22 14:21:59,741 - __main__ - INFO - æŒ‰é”® Z çŠ¶æ€æ›´æ–°ä¸º: release
2025-09-22 14:21:59,883 - __main__ - INFO - æ”¶åˆ°æŒ‰é”®æ§åˆ¶è¯·æ±‚: action=press, key=X
2025-09-22 14:21:59,883 - __main__ - INFO - æ¨¡æ‹ŸæŒ‰é”®æŒ‰ä¸‹: X
2025-09-22 14:21:59,891 - __main__ - INFO - æŒ‰é”® X çŠ¶æ€æ›´æ–°ä¸º: press
2025-09-22 14:21:59,982 - __main__ - INFO - æ”¶åˆ°æŒ‰é”®æ§åˆ¶è¯·æ±‚: action=release, key=X
2025-09-22 14:21:59,982 - __main__ - INFO - æŒ‰é”® X çŠ¶æ€æ›´æ–°ä¸º: release
2025-09-22 14:22:00,016 - __main__ - INFO - æ”¶åˆ°æŒ‰é”®æ§åˆ¶è¯·æ±‚: action=press, key=Z
2025-09-22 14:22:00,020 - __main__ - INFO - æ¨¡æ‹ŸæŒ‰é”®æŒ‰ä¸‹: Z
2025-09-22 14:22:00,020 - __main__ - INFO - æŒ‰é”® Z çŠ¶æ€æ›´æ–°ä¸º: press
2025-09-22 14:22:00,134 - __main__ - INFO - æ”¶åˆ°æŒ‰é”®æ§åˆ¶è¯·æ±‚: action=release, key=Z
2025-09-22 14:22:00,140 - __main__ - INFO - æŒ‰é”® Z çŠ¶æ€æ›´æ–°ä¸º: release
2025-09-22 14:22:00,230 - __main__ - INFO - æ”¶åˆ°æŒ‰é”®æ§åˆ¶è¯·æ±‚: action=press, key=X
2025-09-22 14:22:00,230 - __main__ - INFO - æ¨¡æ‹ŸæŒ‰é”®æŒ‰ä¸‹: X
2025-09-22 14:22:00,240 - __main__ - INFO - æŒ‰é”® X çŠ¶æ€æ›´æ–°ä¸º: press
2025-09-22 14:22:00,330 - __main__ - INFO - æ”¶åˆ°æŒ‰é”®æ§åˆ¶è¯·æ±‚: action=release, key=X
2025-09-22 14:22:00,334 - __main__ - INFO - æŒ‰é”® X çŠ¶æ€æ›´æ–°ä¸º: release
2025-09-22 14:22:00,362 - __main__ - INFO - æ”¶åˆ°æŒ‰é”®æ§åˆ¶è¯·æ±‚: action=press, key=Z
2025-09-22 14:22:00,362 - __main__ - INFO - æ¨¡æ‹ŸæŒ‰é”®æŒ‰ä¸‹: Z
2025-09-22 14:22:00,374 - __main__ - INFO - æŒ‰é”® Z çŠ¶æ€æ›´æ–°ä¸º: press
2025-09-22 14:22:00,411 - __main__ - INFO - æ”¶åˆ°æŒ‰é”®æ§åˆ¶è¯·æ±‚: action=release, key=Z
2025-09-22 14:22:00,411 - __main__ - INFO - æŒ‰é”® Z çŠ¶æ€æ›´æ–°ä¸º: release
2025-09-22 14:22:00,527 - __main__ - INFO - æ”¶åˆ°æŒ‰é”®æ§åˆ¶è¯·æ±‚: action=press, key=X
2025-09-22 14:22:00,527 - __main__ - INFO - æ¨¡æ‹ŸæŒ‰é”®æŒ‰ä¸‹: X
2025-09-22 14:22:00,535 - __main__ - INFO - æŒ‰é”® X çŠ¶æ€æ›´æ–°ä¸º: press
2025-09-22 14:22:00,617 - __main__ - INFO - æ”¶åˆ°æŒ‰é”®æ§åˆ¶è¯·æ±‚: action=press, key=Z
2025-09-22 14:22:00,620 - __main__ - INFO - æ¨¡æ‹ŸæŒ‰é”®æŒ‰ä¸‹: Z
2025-09-22 14:22:00,624 - __main__ - INFO - æ”¶åˆ°æŒ‰é”®æ§åˆ¶è¯·æ±‚: action=release, key=X
2025-09-22 14:22:00,624 - __main__ - INFO - æŒ‰é”® X çŠ¶æ€æ›´æ–°ä¸º: release
2025-09-22 14:22:00,632 - __main__ - INFO - æŒ‰é”® Z çŠ¶æ€æ›´æ–°ä¸º: press
2025-09-22 14:22:00,657 - __main__ - INFO - æ”¶åˆ°æŒ‰é”®æ§åˆ¶è¯·æ±‚: action=release, key=Z
2025-09-22 14:22:00,665 - __main__ - INFO - æŒ‰é”® Z çŠ¶æ€æ›´æ–°ä¸º: release
2025-09-22 14:24:02,257 - __main__ - INFO - å®¢æˆ·ç«¯å·²æ–­å¼€è¿æ¥
2025-09-22 14:24:02,257 - werkzeug - INFO - 192.168.1.6 - - [22/Sep/2025 14:24:02] "GET /socket.io/?EIO=4&transport=websocket&sid=1brTkrm-ptF4KgsZAAAC HTTP/1.1" 200 -
2025-09-22 14:24:33,793 - werkzeug - INFO -  * Detected change in 'E:\\mypage\\python\\start_frpc.py', reloading
2025-09-22 14:24:54,970 - werkzeug - INFO -  * Restarting with watchdog (windowsapi)
2025-09-22 14:24:58,542 - __main__ - INFO - å¯åŠ¨æ§åˆ¶æœåŠ¡...
2025-09-22 14:24:58,546 - __main__ - INFO - è¯·ç¡®ä¿ä»¥ç®¡ç†å‘˜æƒé™è¿è¡Œæ­¤ç¨‹åº
2025-09-22 14:24:58,628 - werkzeug - WARNING -  * Debugger is active!
2025-09-22 14:24:58,634 - werkzeug - INFO -  * Debugger PIN: 961-224-502
2025-09-22 14:26:45,712 - werkzeug - INFO -  * Detected change in 'E:\\mypage\\python\\controlxz.py', reloading
2025-09-22 14:26:45,714 - werkzeug - INFO -  * Detected change in 'E:\\mypage\\python\\controlxz.py', reloading
2025-09-22 14:26:58,135 - werkzeug - INFO -  * Restarting with watchdog (windowsapi)
2025-09-22 14:27:01,836 - __main__ - INFO - å¯åŠ¨æ§åˆ¶æœåŠ¡...
2025-09-22 14:27:01,842 - __main__ - INFO - è¯·ç¡®ä¿ä»¥ç®¡ç†å‘˜æƒé™è¿è¡Œæ­¤ç¨‹åº
2025-09-22 14:27:01,909 - werkzeug - WARNING -  * Debugger is active!
2025-09-22 14:27:01,917 - werkzeug - INFO -  * Debugger PIN: 961-224-502
2025-09-22 14:27:17,238 - werkzeug - INFO - 192.168.1.6 - - [22/Sep/2025 14:27:17] "GET /socket.io/?EIO=4&transport=polling&t=Pbm6jIp HTTP/1.1" 200 -
2025-09-22 14:27:17,274 - __main__ - INFO - å®¢æˆ·ç«¯å·²è¿æ¥
2025-09-22 14:27:17,274 - __main__ - INFO - è·å–æœ€è¿‘ 50 æ¡æ—¥å¿—è®°å½•
2025-09-22 14:27:17,280 - werkzeug - INFO - 192.168.1.6 - - [22/Sep/2025 14:27:17] "POST /socket.io/?EIO=4&transport=polling&t=Pbm6jJl&sid=8Z3W0ylbICjACm1yAAAA HTTP/1.1" 200 -
2025-09-22 14:27:17,289 - werkzeug - INFO - 192.168.1.6 - - [22/Sep/2025 14:27:17] "GET /socket.io/?EIO=4&transport=polling&t=Pbm6jJr&sid=8Z3W0ylbICjACm1yAAAA HTTP/1.1" 200 -
2025-09-22 14:27:17,327 - werkzeug - INFO - 192.168.1.6 - - [22/Sep/2025 14:27:17] "GET /socket.io/?EIO=4&transport=polling&t=Pbm6jKg&sid=8Z3W0ylbICjACm1yAAAA HTTP/1.1" 200 -
2025-09-22 14:30:39,495 - __main__ - INFO - å¯åŠ¨æ§åˆ¶æœåŠ¡...
2025-09-22 14:30:39,495 - __main__ - INFO - è¯·ç¡®ä¿ä»¥ç®¡ç†å‘˜æƒé™è¿è¡Œæ­¤ç¨‹åº
2025-09-22 14:30:39,570 - werkzeug - INFO - [31m[1mWARNING: This is a development server. Do not use it in a production deployment. Use a production WSGI server instead.[0m
 * Running on http://192.168.1.5:5001
2025-09-22 14:30:39,570 - werkzeug - INFO - [33mPress CTRL+C to quit[0m
2025-09-22 14:30:53,359 - werkzeug - INFO - 192.168.1.6 - - [22/Sep/2025 14:30:53] "GET /socket.io/?EIO=4&transport=polling&t=Pbm7Y3q HTTP/1.1" 200 -
2025-09-22 14:30:53,403 - __main__ - INFO - å®¢æˆ·ç«¯å·²è¿æ¥
2025-09-22 14:30:53,403 - __main__ - INFO - è·å–æœ€è¿‘ 50 æ¡æ—¥å¿—è®°å½•
2025-09-22 14:30:53,411 - werkzeug - INFO - 192.168.1.6 - - [22/Sep/2025 14:30:53] "POST /socket.io/?EIO=4&transport=polling&t=Pbm7Y4i&sid=JTQnWSbXCyB0z_d-AAAA HTTP/1.1" 200 -
2025-09-22 14:30:53,428 - werkzeug - INFO - 192.168.1.6 - - [22/Sep/2025 14:30:53] "GET /socket.io/?EIO=4&transport=polling&t=Pbm7Y4k&sid=JTQnWSbXCyB0z_d-AAAA HTTP/1.1" 200 -
2025-09-22 14:31:19,382 - __main__ - INFO - å®¢æˆ·ç«¯å·²æ–­å¼€è¿æ¥
2025-09-22 14:31:19,389 - werkzeug - INFO - 192.168.1.6 - - [22/Sep/2025 14:31:19] "GET /socket.io/?EIO=4&transport=websocket&sid=JTQnWSbXCyB0z_d-AAAA HTTP/1.1" 200 -
2025-09-22 14:31:39,308 - werkzeug - INFO - 192.168.1.6 - - [22/Sep/2025 14:31:39] "GET /socket.io/?EIO=4&transport=polling&t=Pbm7jI1 HTTP/1.1" 200 -
2025-09-22 14:31:39,351 - __main__ - INFO - å®¢æˆ·ç«¯å·²è¿æ¥
2025-09-22 14:31:39,351 - __main__ - INFO - è·å–æœ€è¿‘ 50 æ¡æ—¥å¿—è®°å½•
2025-09-22 14:31:39,357 - werkzeug - INFO - 192.168.1.6 - - [22/Sep/2025 14:31:39] "POST /socket.io/?EIO=4&transport=polling&t=Pbm7jIi&sid=i8S8hSsdRCImieCyAAAC HTTP/1.1" 200 -
2025-09-22 14:31:39,373 - werkzeug - INFO - 192.168.1.6 - - [22/Sep/2025 14:31:39] "GET /socket.io/?EIO=4&transport=polling&t=Pbm7jIm&sid=i8S8hSsdRCImieCyAAAC HTTP/1.1" 200 -
2025-09-22 14:32:33,392 - __main__ - INFO - å®¢æˆ·ç«¯å·²æ–­å¼€è¿æ¥
2025-09-22 14:32:33,436 - werkzeug - INFO - 192.168.1.6 - - [22/Sep/2025 14:32:33] "GET /socket.io/?EIO=4&transport=websocket&sid=i8S8hSsdRCImieCyAAAC HTTP/1.1" 200 -
2025-09-22 15:00:24,840 - __main__ - INFO - å¯åŠ¨æ§åˆ¶æœåŠ¡...
2025-09-22 15:00:24,840 - __main__ - INFO - è¯·ç¡®ä¿ä»¥ç®¡ç†å‘˜æƒé™è¿è¡Œæ­¤ç¨‹åº
2025-09-22 15:00:24,914 - werkzeug - INFO - [31m[1mWARNING: This is a development server. Do not use it in a production deployment. Use a production WSGI server instead.[0m
 * Running on http://192.168.1.5:5001
2025-09-22 15:00:24,914 - werkzeug - INFO - [33mPress CTRL+C to quit[0m
2025-09-22 15:02:21,095 - __main__ - INFO - å¯åŠ¨æ§åˆ¶æœåŠ¡...
2025-09-22 15:02:21,095 - __main__ - INFO - è¯·ç¡®ä¿ä»¥ç®¡ç†å‘˜æƒé™è¿è¡Œæ­¤ç¨‹åº
2025-09-22 15:02:21,172 - werkzeug - INFO - [31m[1mWARNING: This is a development server. Do not use it in a production deployment. Use a production WSGI server instead.[0m
 * Running on http://192.168.1.5:5001
2025-09-22 15:02:21,172 - werkzeug - INFO - [33mPress CTRL+C to quit[0m
2025-09-22 15:06:10,054 - __main__ - INFO - å¯åŠ¨æ§åˆ¶æœåŠ¡...
2025-09-22 15:06:10,054 - __main__ - INFO - è¯·ç¡®ä¿ä»¥ç®¡ç†å‘˜æƒé™è¿è¡Œæ­¤ç¨‹åº
2025-09-22 15:06:10,137 - werkzeug - INFO - [31m[1mWARNING: This is a development server. Do not use it in a production deployment. Use a production WSGI server instead.[0m
 * Running on http://192.168.1.5:5001
2025-09-22 15:06:10,137 - werkzeug - INFO - [33mPress CTRL+C to quit[0m
2025-09-22 15:08:40,768 - __main__ - INFO - å¯åŠ¨æ§åˆ¶æœåŠ¡...
2025-09-22 15:08:40,768 - __main__ - INFO - è¯·ç¡®ä¿ä»¥ç®¡ç†å‘˜æƒé™è¿è¡Œæ­¤ç¨‹åº
2025-09-22 15:08:40,875 - werkzeug - INFO - [31m[1mWARNING: This is a development server. Do not use it in a production deployment. Use a production WSGI server instead.[0m
 * Running on http://192.168.1.5:5001
2025-09-22 15:08:40,883 - werkzeug - INFO - [33mPress CTRL+C to quit[0m
2025-09-22 15:10:45,606 - __main__ - INFO - å¯åŠ¨æ§åˆ¶æœåŠ¡...
2025-09-22 15:10:45,614 - __main__ - INFO - è¯·ç¡®ä¿ä»¥ç®¡ç†å‘˜æƒé™è¿è¡Œæ­¤ç¨‹åº
2025-09-22 15:10:45,696 - werkzeug - INFO - [31m[1mWARNING: This is a development server. Do not use it in a production deployment. Use a production WSGI server instead.[0m
 * Running on http://192.168.1.5:5001
2025-09-22 15:10:45,696 - werkzeug - INFO - [33mPress CTRL+C to quit[0m
2025-09-22 15:12:46,165 - __main__ - INFO - å¯åŠ¨æ§åˆ¶æœåŠ¡...
2025-09-22 15:12:46,167 - __main__ - INFO - è¯·ç¡®ä¿ä»¥ç®¡ç†å‘˜æƒé™è¿è¡Œæ­¤ç¨‹åº
2025-09-22 15:12:46,245 - werkzeug - INFO - [31m[1mWARNING: This is a development server. Do not use it in a production deployment. Use a production WSGI server instead.[0m
 * Running on http://192.168.1.5:5001
2025-09-22 15:12:46,245 - werkzeug - INFO - [33mPress CTRL+C to quit[0m
2025-09-22 15:17:51,790 - __main__ - INFO - å¯åŠ¨æ§åˆ¶æœåŠ¡...
2025-09-22 15:17:51,790 - __main__ - INFO - è¯·ç¡®ä¿ä»¥ç®¡ç†å‘˜æƒé™è¿è¡Œæ­¤ç¨‹åº
2025-09-22 15:17:51,871 - werkzeug - INFO - [31m[1mWARNING: This is a development server. Do not use it in a production deployment. Use a production WSGI server instead.[0m
 * Running on http://192.168.1.5:5001
2025-09-22 15:17:51,880 - werkzeug - INFO - [33mPress CTRL+C to quit[0m
2025-09-22 15:18:36,933 - __main__ - INFO - å¯åŠ¨æ§åˆ¶æœåŠ¡...
2025-09-22 15:18:36,933 - __main__ - INFO - è¯·ç¡®ä¿ä»¥ç®¡ç†å‘˜æƒé™è¿è¡Œæ­¤ç¨‹åº
2025-09-22 15:18:36,999 - werkzeug - INFO - [31m[1mWARNING: This is a development server. Do not use it in a production deployment. Use a production WSGI server instead.[0m
 * Running on http://192.168.1.5:5001
2025-09-22 15:18:36,999 - werkzeug - INFO - [33mPress CTRL+C to quit[0m
2025-09-22 15:46:49,682 - __main__ - INFO - å¯åŠ¨æ§åˆ¶æœåŠ¡...
2025-09-22 15:46:49,682 - __main__ - INFO - è¯·ç¡®ä¿ä»¥ç®¡ç†å‘˜æƒé™è¿è¡Œæ­¤ç¨‹åº
2025-09-22 15:46:49,745 - werkzeug - INFO - [31m[1mWARNING: This is a development server. Do not use it in a production deployment. Use a production WSGI server instead.[0m
 * Running on http://192.168.1.5:5001
2025-09-22 15:46:49,745 - werkzeug - INFO - [33mPress CTRL+C to quit[0m
2025-09-22 15:54:02,748 - __main__ - INFO - å¯åŠ¨æ§åˆ¶æœåŠ¡...
2025-09-22 15:54:02,748 - __main__ - INFO - è¯·ç¡®ä¿ä»¥ç®¡ç†å‘˜æƒé™è¿è¡Œæ­¤ç¨‹åº
2025-09-22 15:54:02,822 - werkzeug - INFO - [31m[1mWARNING: This is a development server. Do not use it in a production deployment. Use a production WSGI server instead.[0m
 * Running on http://192.168.1.5:5001
2025-09-22 15:54:02,822 - werkzeug - INFO - [33mPress CTRL+C to quit[0m
2025-09-22 16:01:37,773 - __main__ - INFO - å¯åŠ¨æ§åˆ¶æœåŠ¡...
2025-09-22 16:01:37,773 - __main__ - INFO - è¯·ç¡®ä¿ä»¥ç®¡ç†å‘˜æƒé™è¿è¡Œæ­¤ç¨‹åº
2025-09-22 16:01:37,850 - werkzeug - INFO - [31m[1mWARNING: This is a development server. Do not use it in a production deployment. Use a production WSGI server instead.[0m
 * Running on http://192.168.1.5:5001
2025-09-22 16:01:37,850 - werkzeug - INFO - [33mPress CTRL+C to quit[0m
2025-09-22 16:05:05,777 - __main__ - INFO - å¯åŠ¨æ§åˆ¶æœåŠ¡...
2025-09-22 16:05:05,777 - __main__ - INFO - è¯·ç¡®ä¿ä»¥ç®¡ç†å‘˜æƒé™è¿è¡Œæ­¤ç¨‹åº
2025-09-22 16:05:05,843 - werkzeug - INFO - [31m[1mWARNING: This is a development server. Do not use it in a production deployment. Use a production WSGI server instead.[0m
 * Running on http://192.168.1.5:5001
2025-09-22 16:05:05,843 - werkzeug - INFO - [33mPress CTRL+C to quit[0m
2025-09-22 16:10:36,062 - __main__ - INFO - å¯åŠ¨æ§åˆ¶æœåŠ¡...
2025-09-22 16:10:36,062 - __main__ - INFO - è¯·ç¡®ä¿ä»¥ç®¡ç†å‘˜æƒé™è¿è¡Œæ­¤ç¨‹åº
2025-09-22 16:10:36,131 - werkzeug - INFO - [31m[1mWARNING: This is a development server. Do not use it in a production deployment. Use a production WSGI server instead.[0m
 * Running on http://192.168.1.5:5001
2025-09-22 16:10:36,131 - werkzeug - INFO - [33mPress CTRL+C to quit[0m
2025-09-22 16:12:18,039 - __main__ - INFO - å¯åŠ¨æ§åˆ¶æœåŠ¡...
2025-09-22 16:12:18,039 - __main__ - INFO - è¯·ç¡®ä¿ä»¥ç®¡ç†å‘˜æƒé™è¿è¡Œæ­¤ç¨‹åº
2025-09-22 16:12:18,120 - werkzeug - INFO - [31m[1mWARNING: This is a development server. Do not use it in a production deployment. Use a production WSGI server instead.[0m
 * Running on http://192.168.1.5:5001
2025-09-22 16:12:18,120 - werkzeug - INFO - [33mPress CTRL+C to quit[0m
2025-09-22 16:18:27,448 - __main__ - INFO - å¯åŠ¨æ§åˆ¶æœåŠ¡...
2025-09-22 16:18:27,450 - __main__ - INFO - è¯·ç¡®ä¿ä»¥ç®¡ç†å‘˜æƒé™è¿è¡Œæ­¤ç¨‹åº
2025-09-22 16:18:27,518 - werkzeug - INFO - [31m[1mWARNING: This is a development server. Do not use it in a production deployment. Use a production WSGI server instead.[0m
 * Running on http://192.168.1.5:5001
2025-09-22 16:18:27,518 - werkzeug - INFO - [33mPress CTRL+C to quit[0m
2025-09-22 18:11:30,557 - __main__ - INFO - å¯åŠ¨æ§åˆ¶æœåŠ¡...
2025-09-22 18:11:30,557 - __main__ - INFO - è¯·ç¡®ä¿ä»¥ç®¡ç†å‘˜æƒé™è¿è¡Œæ­¤ç¨‹åº
2025-09-22 18:11:30,648 - werkzeug - INFO - [31m[1mWARNING: This is a development server. Do not use it in a production deployment. Use a production WSGI server instead.[0m
 * Running on http://192.168.1.5:5001
2025-09-22 18:11:30,648 - werkzeug - INFO - [33mPress CTRL+C to quit[0m
2025-09-22 18:14:20,709 - __main__ - INFO - å¯åŠ¨æ§åˆ¶æœåŠ¡...
2025-09-22 18:14:20,710 - __main__ - INFO - è¯·ç¡®ä¿ä»¥ç®¡ç†å‘˜æƒé™è¿è¡Œæ­¤ç¨‹åº
2025-09-22 18:14:20,758 - werkzeug - INFO - [31m[1mWARNING: This is a development server. Do not use it in a production deployment. Use a production WSGI server instead.[0m
 * Running on http://192.168.1.5:5001
2025-09-22 18:14:20,758 - werkzeug - INFO - [33mPress CTRL+C to quit[0m
2025-09-22 18:26:22,051 - __main__ - INFO - å¯åŠ¨æ§åˆ¶æœåŠ¡...
2025-09-22 18:26:22,060 - __main__ - INFO - è¯·ç¡®ä¿ä»¥ç®¡ç†å‘˜æƒé™è¿è¡Œæ­¤ç¨‹åº
2025-09-22 18:26:22,107 - werkzeug - INFO - [31m[1mWARNING: This is a development server. Do not use it in a production deployment. Use a production WSGI server instead.[0m
 * Running on http://192.168.1.5:5001
2025-09-22 18:26:22,107 - werkzeug - INFO - [33mPress CTRL+C to quit[0m
2025-09-22 18:32:41,267 - __main__ - INFO - å¯åŠ¨æ§åˆ¶æœåŠ¡...
2025-09-22 18:32:41,267 - __main__ - INFO - è¯·ç¡®ä¿ä»¥ç®¡ç†å‘˜æƒé™è¿è¡Œæ­¤ç¨‹åº
2025-09-22 18:32:41,323 - werkzeug - INFO - [31m[1mWARNING: This is a development server. Do not use it in a production deployment. Use a production WSGI server instead.[0m
 * Running on http://192.168.1.5:5001
2025-09-22 18:32:41,323 - werkzeug - INFO - [33mPress CTRL+C to quit[0m
